0 info it worked if it ends with ok
1 verbose cli [ 'C:\\Program Files\\nodejs\\node.exe',
1 verbose cli   'C:\\Users\\ramank\\AppData\\Roaming\\npm\\node_modules\\npm\\bin\\npm-cli.js',
1 verbose cli   'install',
1 verbose cli   'canvas' ]
2 info using npm@3.10.5
3 info using node@v4.4.7
4 silly loadCurrentTree Starting
5 silly install loadCurrentTree
6 silly install readLocalPackageData
7 silly fetchPackageMetaData canvas
8 silly fetchNamedPackageData canvas
9 silly mapToRegistry name canvas
10 silly mapToRegistry using default registry
11 silly mapToRegistry registry https://registry.npmjs.org/
12 silly mapToRegistry data Result {
12 silly mapToRegistry   raw: 'canvas',
12 silly mapToRegistry   scope: null,
12 silly mapToRegistry   escapedName: 'canvas',
12 silly mapToRegistry   name: 'canvas',
12 silly mapToRegistry   rawSpec: '',
12 silly mapToRegistry   spec: 'latest',
12 silly mapToRegistry   type: 'tag' }
13 silly mapToRegistry uri https://registry.npmjs.org/canvas
14 verbose request uri https://registry.npmjs.org/canvas
15 verbose request no auth needed
16 info attempt registry request try #1 at 4:30:15 PM
17 verbose request id f2845d46403b49b2
18 verbose etag "8NZPF2IOX0YIBXYY9MW95UOP9"
19 http request GET https://registry.npmjs.org/canvas
20 http 304 https://registry.npmjs.org/canvas
21 verbose headers { date: 'Thu, 11 Aug 2016 11:00:15 GMT',
21 verbose headers   via: '1.1 varnish',
21 verbose headers   'cache-control': 'max-age=300',
21 verbose headers   etag: '"8NZPF2IOX0YIBXYY9MW95UOP9"',
21 verbose headers   age: '22',
21 verbose headers   connection: 'keep-alive',
21 verbose headers   'x-served-by': 'cache-sin6921-SIN',
21 verbose headers   'x-cache': 'HIT',
21 verbose headers   'x-cache-hits': '1',
21 verbose headers   'x-timer': 'S1470913215.866280,VS0,VE0',
21 verbose headers   vary: 'Accept-Encoding' }
22 silly get cb [ 304,
22 silly get   { date: 'Thu, 11 Aug 2016 11:00:15 GMT',
22 silly get     via: '1.1 varnish',
22 silly get     'cache-control': 'max-age=300',
22 silly get     etag: '"8NZPF2IOX0YIBXYY9MW95UOP9"',
22 silly get     age: '22',
22 silly get     connection: 'keep-alive',
22 silly get     'x-served-by': 'cache-sin6921-SIN',
22 silly get     'x-cache': 'HIT',
22 silly get     'x-cache-hits': '1',
22 silly get     'x-timer': 'S1470913215.866280,VS0,VE0',
22 silly get     vary: 'Accept-Encoding' } ]
23 verbose etag https://registry.npmjs.org/canvas from cache
24 verbose get saving canvas to C:\Users\ramank\AppData\Roaming\npm-cache\registry.npmjs.org\canvas\.cache.json
25 verbose correctMkdir C:\Users\ramank\AppData\Roaming\npm-cache correctMkdir not in flight; initializing
26 silly install normalizeTree
27 silly loadCurrentTree Finishing
28 silly loadIdealTree Starting
29 silly install loadIdealTree
30 silly cloneCurrentTree Starting
31 silly install cloneCurrentTreeToIdealTree
32 silly cloneCurrentTree Finishing
33 silly loadShrinkwrap Starting
34 silly install loadShrinkwrap
35 silly loadShrinkwrap Finishing
36 silly loadAllDepsIntoIdealTree Starting
37 silly install loadAllDepsIntoIdealTree
38 silly resolveWithNewModule canvas@1.4.0 checking installable status
39 silly cache add args [ 'canvas', null ]
40 verbose cache add spec canvas
41 silly cache add parsed spec Result {
41 silly cache add   raw: 'canvas',
41 silly cache add   scope: null,
41 silly cache add   escapedName: 'canvas',
41 silly cache add   name: 'canvas',
41 silly cache add   rawSpec: '',
41 silly cache add   spec: 'latest',
41 silly cache add   type: 'tag' }
42 silly addNamed canvas@latest
43 verbose addNamed "latest" is being treated as a dist-tag for canvas
44 info addNameTag [ 'canvas', 'latest' ]
45 silly mapToRegistry name canvas
46 silly mapToRegistry using default registry
47 silly mapToRegistry registry https://registry.npmjs.org/
48 silly mapToRegistry data Result {
48 silly mapToRegistry   raw: 'canvas',
48 silly mapToRegistry   scope: null,
48 silly mapToRegistry   escapedName: 'canvas',
48 silly mapToRegistry   name: 'canvas',
48 silly mapToRegistry   rawSpec: '',
48 silly mapToRegistry   spec: 'latest',
48 silly mapToRegistry   type: 'tag' }
49 silly mapToRegistry uri https://registry.npmjs.org/canvas
50 verbose addNameTag registry:https://registry.npmjs.org/canvas not in flight; fetching
51 verbose get https://registry.npmjs.org/canvas not expired, no request
52 silly addNameTag next cb for canvas with tag latest
53 silly addNamed canvas@1.4.0
54 verbose addNamed "1.4.0" is a plain semver version for canvas
55 silly cache afterAdd canvas@1.4.0
56 verbose afterAdd C:\Users\ramank\AppData\Roaming\npm-cache\canvas\1.4.0\package\package.json not in flight; writing
57 verbose correctMkdir C:\Users\ramank\AppData\Roaming\npm-cache correctMkdir not in flight; initializing
58 verbose afterAdd C:\Users\ramank\AppData\Roaming\npm-cache\canvas\1.4.0\package\package.json written
59 silly fetchNamedPackageData nan
60 silly mapToRegistry name nan
61 silly mapToRegistry using default registry
62 silly mapToRegistry registry https://registry.npmjs.org/
63 silly mapToRegistry data Result {
63 silly mapToRegistry   raw: 'nan',
63 silly mapToRegistry   scope: null,
63 silly mapToRegistry   escapedName: 'nan',
63 silly mapToRegistry   name: 'nan',
63 silly mapToRegistry   rawSpec: '',
63 silly mapToRegistry   spec: 'latest',
63 silly mapToRegistry   type: 'tag' }
64 silly mapToRegistry uri https://registry.npmjs.org/nan
65 verbose request uri https://registry.npmjs.org/nan
66 verbose request no auth needed
67 info attempt registry request try #1 at 4:30:16 PM
68 verbose etag "EGTR1APXEV7TH8V3QYT0WN357"
69 http request GET https://registry.npmjs.org/nan
70 http 304 https://registry.npmjs.org/nan
71 verbose headers { date: 'Thu, 11 Aug 2016 11:00:16 GMT',
71 verbose headers   via: '1.1 varnish',
71 verbose headers   'cache-control': 'max-age=300',
71 verbose headers   etag: '"EGTR1APXEV7TH8V3QYT0WN357"',
71 verbose headers   age: '253',
71 verbose headers   connection: 'keep-alive',
71 verbose headers   'x-served-by': 'cache-sin6921-SIN',
71 verbose headers   'x-cache': 'HIT',
71 verbose headers   'x-cache-hits': '17',
71 verbose headers   'x-timer': 'S1470913216.144404,VS0,VE0',
71 verbose headers   vary: 'Accept-Encoding' }
72 silly get cb [ 304,
72 silly get   { date: 'Thu, 11 Aug 2016 11:00:16 GMT',
72 silly get     via: '1.1 varnish',
72 silly get     'cache-control': 'max-age=300',
72 silly get     etag: '"EGTR1APXEV7TH8V3QYT0WN357"',
72 silly get     age: '253',
72 silly get     connection: 'keep-alive',
72 silly get     'x-served-by': 'cache-sin6921-SIN',
72 silly get     'x-cache': 'HIT',
72 silly get     'x-cache-hits': '17',
72 silly get     'x-timer': 'S1470913216.144404,VS0,VE0',
72 silly get     vary: 'Accept-Encoding' } ]
73 verbose etag https://registry.npmjs.org/nan from cache
74 verbose get saving nan to C:\Users\ramank\AppData\Roaming\npm-cache\registry.npmjs.org\nan\.cache.json
75 verbose correctMkdir C:\Users\ramank\AppData\Roaming\npm-cache correctMkdir not in flight; initializing
76 silly resolveWithNewModule nan@2.4.0 checking installable status
77 silly cache add args [ 'nan@^2.3.2', null ]
78 verbose cache add spec nan@^2.3.2
79 silly cache add parsed spec Result {
79 silly cache add   raw: 'nan@^2.3.2',
79 silly cache add   scope: null,
79 silly cache add   escapedName: 'nan',
79 silly cache add   name: 'nan',
79 silly cache add   rawSpec: '^2.3.2',
79 silly cache add   spec: '>=2.3.2 <3.0.0',
79 silly cache add   type: 'range' }
80 silly addNamed nan@>=2.3.2 <3.0.0
81 verbose addNamed ">=2.3.2 <3.0.0" is a valid semver range for nan
82 silly addNameRange { name: 'nan', range: '>=2.3.2 <3.0.0', hasData: false }
83 silly mapToRegistry name nan
84 silly mapToRegistry using default registry
85 silly mapToRegistry registry https://registry.npmjs.org/
86 silly mapToRegistry data Result {
86 silly mapToRegistry   raw: 'nan',
86 silly mapToRegistry   scope: null,
86 silly mapToRegistry   escapedName: 'nan',
86 silly mapToRegistry   name: 'nan',
86 silly mapToRegistry   rawSpec: '',
86 silly mapToRegistry   spec: 'latest',
86 silly mapToRegistry   type: 'tag' }
87 silly mapToRegistry uri https://registry.npmjs.org/nan
88 verbose addNameRange registry:https://registry.npmjs.org/nan not in flight; fetching
89 verbose get https://registry.npmjs.org/nan not expired, no request
90 silly addNameRange number 2 { name: 'nan', range: '>=2.3.2 <3.0.0', hasData: true }
91 silly addNameRange versions [ 'nan',
91 silly addNameRange   [ '0.3.0-wip',
91 silly addNameRange     '0.3.0-wip2',
91 silly addNameRange     '0.3.0',
91 silly addNameRange     '0.3.1',
91 silly addNameRange     '0.3.2',
91 silly addNameRange     '0.4.0',
91 silly addNameRange     '0.4.1',
91 silly addNameRange     '0.4.2',
91 silly addNameRange     '0.4.3',
91 silly addNameRange     '0.4.4',
91 silly addNameRange     '0.5.0',
91 silly addNameRange     '0.5.1',
91 silly addNameRange     '0.5.2',
91 silly addNameRange     '0.6.0',
91 silly addNameRange     '0.7.0',
91 silly addNameRange     '0.7.1',
91 silly addNameRange     '0.8.0',
91 silly addNameRange     '1.0.0',
91 silly addNameRange     '1.1.0',
91 silly addNameRange     '1.1.1',
91 silly addNameRange     '1.1.2',
91 silly addNameRange     '1.2.0',
91 silly addNameRange     '1.3.0',
91 silly addNameRange     '1.4.0',
91 silly addNameRange     '1.4.1',
91 silly addNameRange     '1.5.0',
91 silly addNameRange     '1.4.2',
91 silly addNameRange     '1.4.3',
91 silly addNameRange     '1.5.1',
91 silly addNameRange     '1.5.2',
91 silly addNameRange     '1.6.0',
91 silly addNameRange     '1.5.3',
91 silly addNameRange     '1.6.1',
91 silly addNameRange     '1.6.2',
91 silly addNameRange     '1.7.0',
91 silly addNameRange     '1.8.0',
91 silly addNameRange     '1.8.1',
91 silly addNameRange     '1.8.2',
91 silly addNameRange     '1.8.3',
91 silly addNameRange     '1.8.4',
91 silly addNameRange     '1.9.0',
91 silly addNameRange     '2.0.0',
91 silly addNameRange     '2.0.1',
91 silly addNameRange     '2.0.2',
91 silly addNameRange     '2.0.3',
91 silly addNameRange     '2.0.4',
91 silly addNameRange     '2.0.5',
91 silly addNameRange     '2.0.6',
91 silly addNameRange     '2.0.7',
91 silly addNameRange     '2.0.8',
91 silly addNameRange     '2.0.9',
91 silly addNameRange     '2.1.0',
91 silly addNameRange     '2.2.0',
91 silly addNameRange     '2.2.1',
91 silly addNameRange     '2.3.0',
91 silly addNameRange     '2.3.1',
91 silly addNameRange     '2.3.2',
91 silly addNameRange     '2.3.3',
91 silly addNameRange     '2.3.4',
91 silly addNameRange     '2.3.5',
91 silly addNameRange     '2.4.0' ] ]
92 silly addNamed nan@2.4.0
93 verbose addNamed "2.4.0" is a plain semver version for nan
94 silly cache afterAdd nan@2.4.0
95 verbose afterAdd C:\Users\ramank\AppData\Roaming\npm-cache\nan\2.4.0\package\package.json not in flight; writing
96 verbose correctMkdir C:\Users\ramank\AppData\Roaming\npm-cache correctMkdir not in flight; initializing
97 verbose afterAdd C:\Users\ramank\AppData\Roaming\npm-cache\nan\2.4.0\package\package.json written
98 silly loadAllDepsIntoIdealTree Finishing
99 silly loadIdealTree Finishing
100 silly currentTree zfpdemo@1.0.0
100 silly currentTree +-- accepts@1.3.3
100 silly currentTree +-- after@0.8.1
100 silly currentTree +-- angular-ui-router@0.3.1
100 silly currentTree +-- angular@1.5.8
100 silly currentTree +-- ansi-regex@2.0.0
100 silly currentTree +-- ansi-styles@2.2.1
100 silly currentTree +-- array-flatten@1.1.1
100 silly currentTree +-- arraybuffer.slice@0.0.6
100 silly currentTree +-- asn1@0.2.3
100 silly currentTree +-- assert-plus@0.2.0
100 silly currentTree +-- async@1.5.2
100 silly currentTree +-- aws-sign2@0.6.0
100 silly currentTree +-- backo2@1.0.2
100 silly currentTree +-- balanced-match@0.4.2
100 silly currentTree +-- base64-arraybuffer@0.1.5
100 silly currentTree +-- base64id@0.1.0
100 silly currentTree +-- benchmark@1.0.0
100 silly currentTree +-- better-assert@1.0.2
100 silly currentTree +-- bl@1.0.3
100 silly currentTree | +-- isarray@1.0.0
100 silly currentTree | `-- readable-stream@2.0.6
100 silly currentTree +-- blob@0.0.4
100 silly currentTree +-- body-parser@1.15.2
100 silly currentTree +-- boom@2.10.1
100 silly currentTree +-- bootstrap@3.3.7
100 silly currentTree +-- brace-expansion@1.1.6
100 silly currentTree +-- bson@0.5.2
100 silly currentTree +-- buffer-shims@1.0.0
100 silly currentTree +-- bytes@2.4.0
100 silly currentTree +-- callsite@1.0.0
100 silly currentTree +-- caseless@0.11.0
100 silly currentTree +-- chalk@1.1.3
100 silly currentTree +-- combined-stream@1.0.5
100 silly currentTree +-- commander@2.9.0
100 silly currentTree +-- component-bind@1.0.0
100 silly currentTree +-- component-emitter@1.1.2
100 silly currentTree +-- component-inherit@0.0.3
100 silly currentTree +-- concat-map@0.0.1
100 silly currentTree +-- concat-stream@1.5.0
100 silly currentTree | +-- isarray@1.0.0
100 silly currentTree | `-- readable-stream@2.0.6
100 silly currentTree +-- content-disposition@0.5.1
100 silly currentTree +-- content-type@1.0.2
100 silly currentTree +-- cookie-signature@1.0.6
100 silly currentTree +-- cookie@0.3.1
100 silly currentTree +-- core-util-is@1.0.2
100 silly currentTree +-- cornerstone@0.1.0
100 silly currentTree +-- cryptiles@2.0.5
100 silly currentTree +-- dashdash@1.14.0
100 silly currentTree | `-- assert-plus@1.0.0
100 silly currentTree +-- debug@2.2.0
100 silly currentTree +-- delayed-stream@1.0.0
100 silly currentTree +-- depd@1.1.0
100 silly currentTree +-- destroy@1.0.4
100 silly currentTree +-- dicom-parser@1.7.2
100 silly currentTree +-- dicomjs@0.0.9
100 silly currentTree +-- each-series@1.0.0
100 silly currentTree +-- ecc-jsbn@0.1.1
100 silly currentTree +-- ee-first@1.1.1
100 silly currentTree +-- encodeurl@1.0.1
100 silly currentTree +-- engine.io-client@1.6.11
100 silly currentTree | `-- ws@1.0.1
100 silly currentTree +-- engine.io-parser@1.2.4
100 silly currentTree | +-- base64-arraybuffer@0.1.2
100 silly currentTree | `-- has-binary@0.1.6
100 silly currentTree +-- engine.io@1.6.11
100 silly currentTree | +-- accepts@1.1.4
100 silly currentTree | +-- mime-db@1.12.0
100 silly currentTree | +-- mime-types@2.0.14
100 silly currentTree | `-- negotiator@0.4.9
100 silly currentTree +-- es6-promise@3.0.2
100 silly currentTree +-- escape-html@1.0.3
100 silly currentTree +-- escape-string-regexp@1.0.5
100 silly currentTree +-- etag@1.7.0
100 silly currentTree +-- express@4.14.0
100 silly currentTree +-- extend@3.0.0
100 silly currentTree +-- extract-zip@1.5.0
100 silly currentTree | `-- debug@0.7.4
100 silly currentTree +-- extsprintf@1.0.2
100 silly currentTree +-- fd-slicer@1.0.1
100 silly currentTree +-- finalhandler@0.5.0
100 silly currentTree +-- forever-agent@0.6.1
100 silly currentTree +-- form-data@1.0.0-rc4
100 silly currentTree +-- forwarded@0.1.0
100 silly currentTree +-- fresh@0.3.0
100 silly currentTree +-- fs-extra@0.26.7
100 silly currentTree +-- fs.realpath@1.0.0
100 silly currentTree +-- generate-function@2.0.0
100 silly currentTree +-- generate-object-property@1.2.0
100 silly currentTree +-- getpass@0.1.6
100 silly currentTree | `-- assert-plus@1.0.0
100 silly currentTree +-- glob@7.0.5
100 silly currentTree +-- graceful-fs@4.1.5
100 silly currentTree +-- graceful-readlink@1.0.1
100 silly currentTree +-- har-validator@2.0.6
100 silly currentTree +-- has-ansi@2.0.0
100 silly currentTree +-- has-binary@0.1.7
100 silly currentTree +-- has-cors@1.1.0
100 silly currentTree +-- hasha@2.2.0
100 silly currentTree +-- hawk@3.1.3
100 silly currentTree +-- hoek@2.16.3
100 silly currentTree +-- http-errors@1.5.0
100 silly currentTree +-- http-signature@1.1.1
100 silly currentTree +-- iconv-lite@0.4.13
100 silly currentTree +-- indexof@0.0.1
100 silly currentTree +-- inflight@1.0.5
100 silly currentTree +-- inherits@2.0.1
100 silly currentTree +-- ipaddr.js@1.1.1
100 silly currentTree +-- is-my-json-valid@2.13.1
100 silly currentTree +-- is-property@1.0.2
100 silly currentTree +-- is-stream@1.1.0
100 silly currentTree +-- is-typedarray@1.0.0
100 silly currentTree +-- isarray@0.0.1
100 silly currentTree +-- isexe@1.1.2
100 silly currentTree +-- isstream@0.1.2
100 silly currentTree +-- jodid25519@1.0.2
100 silly currentTree +-- jsbn@0.1.0
100 silly currentTree +-- json-schema@0.2.2
100 silly currentTree +-- json-stringify-safe@5.0.1
100 silly currentTree +-- json3@3.2.6
100 silly currentTree +-- jsonfile@2.3.1
100 silly currentTree +-- jsonpointer@2.0.0
100 silly currentTree +-- jsprim@1.3.0
100 silly currentTree +-- kew@0.7.0
100 silly currentTree +-- klaw@1.3.0
100 silly currentTree +-- media-typer@0.3.0
100 silly currentTree +-- merge-descriptors@1.0.1
100 silly currentTree +-- methods@1.1.2
100 silly currentTree +-- mime-db@1.23.0
100 silly currentTree +-- mime-types@2.1.11
100 silly currentTree +-- mime@1.3.4
100 silly currentTree +-- minimatch@3.0.3
100 silly currentTree +-- minimist@0.0.8
100 silly currentTree +-- mkdirp@0.5.0
100 silly currentTree +-- mongodb-core@2.0.6
100 silly currentTree +-- mongodb@2.2.4
100 silly currentTree | `-- readable-stream@1.0.31
100 silly currentTree +-- mongojs@2.4.0
100 silly currentTree +-- ms@0.7.1
100 silly currentTree +-- negotiator@0.6.1
100 silly currentTree +-- node-phantom@0.2.5
100 silly currentTree +-- node-uuid@1.4.7
100 silly currentTree +-- oauth-sign@0.8.2
100 silly currentTree +-- object-component@0.0.3
100 silly currentTree +-- on-finished@2.3.0
100 silly currentTree +-- once@1.3.3
100 silly currentTree +-- options@0.0.6
100 silly currentTree +-- parse-mongo-url@1.1.1
100 silly currentTree +-- parsejson@0.0.1
100 silly currentTree +-- parseqs@0.0.2
100 silly currentTree +-- parseuri@0.0.4
100 silly currentTree +-- parseurl@1.3.1
100 silly currentTree +-- path-is-absolute@1.0.0
100 silly currentTree +-- path-to-regexp@0.1.7
100 silly currentTree +-- pend@1.2.0
100 silly currentTree +-- pinkie-promise@2.0.1
100 silly currentTree +-- pinkie@2.0.4
100 silly currentTree +-- pixi@0.3.1
100 silly currentTree +-- process-nextick-args@1.0.7
100 silly currentTree +-- progress@1.1.8
100 silly currentTree +-- proxy-addr@1.1.2
100 silly currentTree +-- qs@6.2.0
100 silly currentTree +-- range-parser@1.2.0
100 silly currentTree +-- raw-body@2.1.7
100 silly currentTree +-- readable-stream@2.1.4
100 silly currentTree | `-- isarray@1.0.0
100 silly currentTree +-- request-progress@2.0.1
100 silly currentTree +-- request@2.67.0
100 silly currentTree | `-- qs@5.2.1
100 silly currentTree +-- require_optional@1.0.0
100 silly currentTree +-- resolve-from@2.0.0
100 silly currentTree +-- rimraf@2.5.4
100 silly currentTree +-- rusha@0.8.3
100 silly currentTree +-- semver@5.3.0
100 silly currentTree +-- send@0.14.1
100 silly currentTree +-- serve-static@1.11.1
100 silly currentTree +-- setprototypeof@1.0.1
100 silly currentTree +-- sntp@1.0.9
100 silly currentTree +-- socket.io-adapter@0.4.0
100 silly currentTree | `-- socket.io-parser@2.2.2
100 silly currentTree |   `-- debug@0.7.4
100 silly currentTree +-- socket.io-client@1.4.8
100 silly currentTree | `-- component-emitter@1.2.0
100 silly currentTree +-- socket.io-parser@2.2.6
100 silly currentTree | `-- json3@3.3.2
100 silly currentTree +-- socket.io@1.4.8
100 silly currentTree +-- sshpk@1.9.2
100 silly currentTree | `-- assert-plus@1.0.0
100 silly currentTree +-- statuses@1.3.0
100 silly currentTree +-- string_decoder@0.10.31
100 silly currentTree +-- stringstream@0.0.5
100 silly currentTree +-- strip-ansi@3.0.1
100 silly currentTree +-- supports-color@2.0.0
100 silly currentTree +-- throttleit@1.0.0
100 silly currentTree +-- thunky@0.1.0
100 silly currentTree +-- to-array@0.1.4
100 silly currentTree +-- to-mongodb-core@2.0.0
100 silly currentTree +-- tough-cookie@2.2.2
100 silly currentTree +-- tunnel-agent@0.4.3
100 silly currentTree +-- tweetnacl@0.13.3
100 silly currentTree +-- type-is@1.6.13
100 silly currentTree +-- typedarray@0.0.6
100 silly currentTree +-- ultron@1.0.2
100 silly currentTree +-- unpipe@1.0.0
100 silly currentTree +-- utf8@2.1.0
100 silly currentTree +-- util-deprecate@1.0.2
100 silly currentTree +-- utils-merge@1.0.0
100 silly currentTree +-- vary@1.1.0
100 silly currentTree +-- verror@1.3.6
100 silly currentTree +-- which@1.2.10
100 silly currentTree +-- wrappy@1.0.2
100 silly currentTree +-- ws@1.1.0
100 silly currentTree +-- xmlhttprequest-ssl@1.5.1
100 silly currentTree +-- xtend@4.0.1
100 silly currentTree +-- yauzl@2.4.1
100 silly currentTree `-- yeast@0.1.2
101 silly idealTree zfpdemo@1.0.0
101 silly idealTree +-- accepts@1.3.3
101 silly idealTree +-- after@0.8.1
101 silly idealTree +-- angular-ui-router@0.3.1
101 silly idealTree +-- angular@1.5.8
101 silly idealTree +-- ansi-regex@2.0.0
101 silly idealTree +-- ansi-styles@2.2.1
101 silly idealTree +-- array-flatten@1.1.1
101 silly idealTree +-- arraybuffer.slice@0.0.6
101 silly idealTree +-- asn1@0.2.3
101 silly idealTree +-- assert-plus@0.2.0
101 silly idealTree +-- async@1.5.2
101 silly idealTree +-- aws-sign2@0.6.0
101 silly idealTree +-- backo2@1.0.2
101 silly idealTree +-- balanced-match@0.4.2
101 silly idealTree +-- base64-arraybuffer@0.1.5
101 silly idealTree +-- base64id@0.1.0
101 silly idealTree +-- benchmark@1.0.0
101 silly idealTree +-- better-assert@1.0.2
101 silly idealTree +-- bl@1.0.3
101 silly idealTree | +-- isarray@1.0.0
101 silly idealTree | `-- readable-stream@2.0.6
101 silly idealTree +-- blob@0.0.4
101 silly idealTree +-- body-parser@1.15.2
101 silly idealTree +-- boom@2.10.1
101 silly idealTree +-- bootstrap@3.3.7
101 silly idealTree +-- brace-expansion@1.1.6
101 silly idealTree +-- bson@0.5.2
101 silly idealTree +-- buffer-shims@1.0.0
101 silly idealTree +-- bytes@2.4.0
101 silly idealTree +-- callsite@1.0.0
101 silly idealTree +-- canvas@1.4.0
101 silly idealTree +-- caseless@0.11.0
101 silly idealTree +-- chalk@1.1.3
101 silly idealTree +-- combined-stream@1.0.5
101 silly idealTree +-- commander@2.9.0
101 silly idealTree +-- component-bind@1.0.0
101 silly idealTree +-- component-emitter@1.1.2
101 silly idealTree +-- component-inherit@0.0.3
101 silly idealTree +-- concat-map@0.0.1
101 silly idealTree +-- concat-stream@1.5.0
101 silly idealTree | +-- isarray@1.0.0
101 silly idealTree | `-- readable-stream@2.0.6
101 silly idealTree +-- content-disposition@0.5.1
101 silly idealTree +-- content-type@1.0.2
101 silly idealTree +-- cookie-signature@1.0.6
101 silly idealTree +-- cookie@0.3.1
101 silly idealTree +-- core-util-is@1.0.2
101 silly idealTree +-- cornerstone@0.1.0
101 silly idealTree +-- cryptiles@2.0.5
101 silly idealTree +-- dashdash@1.14.0
101 silly idealTree | `-- assert-plus@1.0.0
101 silly idealTree +-- debug@2.2.0
101 silly idealTree +-- delayed-stream@1.0.0
101 silly idealTree +-- depd@1.1.0
101 silly idealTree +-- destroy@1.0.4
101 silly idealTree +-- dicom-parser@1.7.2
101 silly idealTree +-- dicomjs@0.0.9
101 silly idealTree +-- each-series@1.0.0
101 silly idealTree +-- ecc-jsbn@0.1.1
101 silly idealTree +-- ee-first@1.1.1
101 silly idealTree +-- encodeurl@1.0.1
101 silly idealTree +-- engine.io-client@1.6.11
101 silly idealTree | `-- ws@1.0.1
101 silly idealTree +-- engine.io-parser@1.2.4
101 silly idealTree | +-- base64-arraybuffer@0.1.2
101 silly idealTree | `-- has-binary@0.1.6
101 silly idealTree +-- engine.io@1.6.11
101 silly idealTree | +-- accepts@1.1.4
101 silly idealTree | +-- mime-db@1.12.0
101 silly idealTree | +-- mime-types@2.0.14
101 silly idealTree | `-- negotiator@0.4.9
101 silly idealTree +-- es6-promise@3.0.2
101 silly idealTree +-- escape-html@1.0.3
101 silly idealTree +-- escape-string-regexp@1.0.5
101 silly idealTree +-- etag@1.7.0
101 silly idealTree +-- express@4.14.0
101 silly idealTree +-- extend@3.0.0
101 silly idealTree +-- extract-zip@1.5.0
101 silly idealTree | `-- debug@0.7.4
101 silly idealTree +-- extsprintf@1.0.2
101 silly idealTree +-- fd-slicer@1.0.1
101 silly idealTree +-- finalhandler@0.5.0
101 silly idealTree +-- forever-agent@0.6.1
101 silly idealTree +-- form-data@1.0.0-rc4
101 silly idealTree +-- forwarded@0.1.0
101 silly idealTree +-- fresh@0.3.0
101 silly idealTree +-- fs-extra@0.26.7
101 silly idealTree +-- fs.realpath@1.0.0
101 silly idealTree +-- generate-function@2.0.0
101 silly idealTree +-- generate-object-property@1.2.0
101 silly idealTree +-- getpass@0.1.6
101 silly idealTree | `-- assert-plus@1.0.0
101 silly idealTree +-- glob@7.0.5
101 silly idealTree +-- graceful-fs@4.1.5
101 silly idealTree +-- graceful-readlink@1.0.1
101 silly idealTree +-- har-validator@2.0.6
101 silly idealTree +-- has-ansi@2.0.0
101 silly idealTree +-- has-binary@0.1.7
101 silly idealTree +-- has-cors@1.1.0
101 silly idealTree +-- hasha@2.2.0
101 silly idealTree +-- hawk@3.1.3
101 silly idealTree +-- hoek@2.16.3
101 silly idealTree +-- http-errors@1.5.0
101 silly idealTree +-- http-signature@1.1.1
101 silly idealTree +-- iconv-lite@0.4.13
101 silly idealTree +-- indexof@0.0.1
101 silly idealTree +-- inflight@1.0.5
101 silly idealTree +-- inherits@2.0.1
101 silly idealTree +-- ipaddr.js@1.1.1
101 silly idealTree +-- is-my-json-valid@2.13.1
101 silly idealTree +-- is-property@1.0.2
101 silly idealTree +-- is-stream@1.1.0
101 silly idealTree +-- is-typedarray@1.0.0
101 silly idealTree +-- isarray@0.0.1
101 silly idealTree +-- isexe@1.1.2
101 silly idealTree +-- isstream@0.1.2
101 silly idealTree +-- jodid25519@1.0.2
101 silly idealTree +-- jsbn@0.1.0
101 silly idealTree +-- json-schema@0.2.2
101 silly idealTree +-- json-stringify-safe@5.0.1
101 silly idealTree +-- json3@3.2.6
101 silly idealTree +-- jsonfile@2.3.1
101 silly idealTree +-- jsonpointer@2.0.0
101 silly idealTree +-- jsprim@1.3.0
101 silly idealTree +-- kew@0.7.0
101 silly idealTree +-- klaw@1.3.0
101 silly idealTree +-- media-typer@0.3.0
101 silly idealTree +-- merge-descriptors@1.0.1
101 silly idealTree +-- methods@1.1.2
101 silly idealTree +-- mime-db@1.23.0
101 silly idealTree +-- mime-types@2.1.11
101 silly idealTree +-- mime@1.3.4
101 silly idealTree +-- minimatch@3.0.3
101 silly idealTree +-- minimist@0.0.8
101 silly idealTree +-- mkdirp@0.5.0
101 silly idealTree +-- mongodb-core@2.0.6
101 silly idealTree +-- mongodb@2.2.4
101 silly idealTree | `-- readable-stream@1.0.31
101 silly idealTree +-- mongojs@2.4.0
101 silly idealTree +-- ms@0.7.1
101 silly idealTree +-- nan@2.4.0
101 silly idealTree +-- negotiator@0.6.1
101 silly idealTree +-- node-phantom@0.2.5
101 silly idealTree +-- node-uuid@1.4.7
101 silly idealTree +-- oauth-sign@0.8.2
101 silly idealTree +-- object-component@0.0.3
101 silly idealTree +-- on-finished@2.3.0
101 silly idealTree +-- once@1.3.3
101 silly idealTree +-- options@0.0.6
101 silly idealTree +-- parse-mongo-url@1.1.1
101 silly idealTree +-- parsejson@0.0.1
101 silly idealTree +-- parseqs@0.0.2
101 silly idealTree +-- parseuri@0.0.4
101 silly idealTree +-- parseurl@1.3.1
101 silly idealTree +-- path-is-absolute@1.0.0
101 silly idealTree +-- path-to-regexp@0.1.7
101 silly idealTree +-- pend@1.2.0
101 silly idealTree +-- pinkie-promise@2.0.1
101 silly idealTree +-- pinkie@2.0.4
101 silly idealTree +-- pixi@0.3.1
101 silly idealTree +-- process-nextick-args@1.0.7
101 silly idealTree +-- progress@1.1.8
101 silly idealTree +-- proxy-addr@1.1.2
101 silly idealTree +-- qs@6.2.0
101 silly idealTree +-- range-parser@1.2.0
101 silly idealTree +-- raw-body@2.1.7
101 silly idealTree +-- readable-stream@2.1.4
101 silly idealTree | `-- isarray@1.0.0
101 silly idealTree +-- request-progress@2.0.1
101 silly idealTree +-- request@2.67.0
101 silly idealTree | `-- qs@5.2.1
101 silly idealTree +-- require_optional@1.0.0
101 silly idealTree +-- resolve-from@2.0.0
101 silly idealTree +-- rimraf@2.5.4
101 silly idealTree +-- rusha@0.8.3
101 silly idealTree +-- semver@5.3.0
101 silly idealTree +-- send@0.14.1
101 silly idealTree +-- serve-static@1.11.1
101 silly idealTree +-- setprototypeof@1.0.1
101 silly idealTree +-- sntp@1.0.9
101 silly idealTree +-- socket.io-adapter@0.4.0
101 silly idealTree | `-- socket.io-parser@2.2.2
101 silly idealTree |   `-- debug@0.7.4
101 silly idealTree +-- socket.io-client@1.4.8
101 silly idealTree | `-- component-emitter@1.2.0
101 silly idealTree +-- socket.io-parser@2.2.6
101 silly idealTree | `-- json3@3.3.2
101 silly idealTree +-- socket.io@1.4.8
101 silly idealTree +-- sshpk@1.9.2
101 silly idealTree | `-- assert-plus@1.0.0
101 silly idealTree +-- statuses@1.3.0
101 silly idealTree +-- string_decoder@0.10.31
101 silly idealTree +-- stringstream@0.0.5
101 silly idealTree +-- strip-ansi@3.0.1
101 silly idealTree +-- supports-color@2.0.0
101 silly idealTree +-- throttleit@1.0.0
101 silly idealTree +-- thunky@0.1.0
101 silly idealTree +-- to-array@0.1.4
101 silly idealTree +-- to-mongodb-core@2.0.0
101 silly idealTree +-- tough-cookie@2.2.2
101 silly idealTree +-- tunnel-agent@0.4.3
101 silly idealTree +-- tweetnacl@0.13.3
101 silly idealTree +-- type-is@1.6.13
101 silly idealTree +-- typedarray@0.0.6
101 silly idealTree +-- ultron@1.0.2
101 silly idealTree +-- unpipe@1.0.0
101 silly idealTree +-- utf8@2.1.0
101 silly idealTree +-- util-deprecate@1.0.2
101 silly idealTree +-- utils-merge@1.0.0
101 silly idealTree +-- vary@1.1.0
101 silly idealTree +-- verror@1.3.6
101 silly idealTree +-- which@1.2.10
101 silly idealTree +-- wrappy@1.0.2
101 silly idealTree +-- ws@1.1.0
101 silly idealTree +-- xmlhttprequest-ssl@1.5.1
101 silly idealTree +-- xtend@4.0.1
101 silly idealTree +-- yauzl@2.4.1
101 silly idealTree `-- yeast@0.1.2
102 silly generateActionsToTake Starting
103 silly install generateActionsToTake
104 silly generateActionsToTake Finishing
105 silly diffTrees action count 2
106 silly diffTrees add nan@2.4.0
107 silly diffTrees add canvas@1.4.0
108 silly decomposeActions action count 16
109 silly decomposeActions fetch nan@2.4.0
110 silly decomposeActions extract nan@2.4.0
111 silly decomposeActions test nan@2.4.0
112 silly decomposeActions preinstall nan@2.4.0
113 silly decomposeActions build nan@2.4.0
114 silly decomposeActions install nan@2.4.0
115 silly decomposeActions postinstall nan@2.4.0
116 silly decomposeActions finalize nan@2.4.0
117 silly decomposeActions fetch canvas@1.4.0
118 silly decomposeActions extract canvas@1.4.0
119 silly decomposeActions test canvas@1.4.0
120 silly decomposeActions preinstall canvas@1.4.0
121 silly decomposeActions build canvas@1.4.0
122 silly decomposeActions install canvas@1.4.0
123 silly decomposeActions postinstall canvas@1.4.0
124 silly decomposeActions finalize canvas@1.4.0
125 silly executeActions Starting
126 silly install executeActions
127 silly doSerial global-install 0
128 silly doParallel fetch 2
129 verbose correctMkdir C:\Users\ramank\AppData\Roaming\npm-cache\_locks correctMkdir not in flight; initializing
130 verbose lock using C:\Users\ramank\AppData\Roaming\npm-cache\_locks\staging-17e6fe1006862131.lock for D:\Projects\ZFPDemo\node_modules\.staging
131 silly doParallel extract 2
132 silly extract nan@2.4.0
133 silly extract canvas@1.4.0
134 verbose unbuild node_modules\.staging\nan-e1b52605
135 verbose unbuild node_modules\.staging\canvas-59082107
136 silly gentlyRm D:\Projects\ZFPDemo\node_modules\.staging\nan-e1b52605 is being purged from base D:\Projects\ZFPDemo
137 verbose gentlyRm don't care about contents; nuking D:\Projects\ZFPDemo\node_modules\.staging\nan-e1b52605
138 silly gentlyRm D:\Projects\ZFPDemo\node_modules\.staging\canvas-59082107 is being purged from base D:\Projects\ZFPDemo
139 verbose gentlyRm don't care about contents; nuking D:\Projects\ZFPDemo\node_modules\.staging\canvas-59082107
140 verbose tar unpack C:\Users\ramank\AppData\Roaming\npm-cache\nan\2.4.0\package.tgz
141 verbose tar unpacking to D:\Projects\ZFPDemo\node_modules\.staging\nan-e1b52605
142 silly gentlyRm D:\Projects\ZFPDemo\node_modules\.staging\nan-e1b52605 is being purged
143 verbose gentlyRm don't care about contents; nuking D:\Projects\ZFPDemo\node_modules\.staging\nan-e1b52605
144 verbose tar unpack C:\Users\ramank\AppData\Roaming\npm-cache\canvas\1.4.0\package.tgz
145 verbose tar unpacking to D:\Projects\ZFPDemo\node_modules\.staging\canvas-59082107
146 silly gentlyRm D:\Projects\ZFPDemo\node_modules\.staging\canvas-59082107 is being purged
147 verbose gentlyRm don't care about contents; nuking D:\Projects\ZFPDemo\node_modules\.staging\canvas-59082107
148 silly gunzTarPerm modes [ '777', '666' ]
149 silly gunzTarPerm modes [ '777', '666' ]
150 silly gunzTarPerm extractEntry package.json
151 silly gunzTarPerm modified mode [ 'package.json', 420, 438 ]
152 silly gunzTarPerm extractEntry package.json
153 silly gunzTarPerm modified mode [ 'package.json', 436, 438 ]
154 silly gunzTarPerm extractEntry .npmignore
155 silly gunzTarPerm modified mode [ '.npmignore', 420, 438 ]
156 silly gunzTarPerm extractEntry index.js
157 silly gunzTarPerm modified mode [ 'index.js', 420, 438 ]
158 silly gunzTarPerm extractEntry README.md
159 silly gunzTarPerm modified mode [ 'README.md', 436, 438 ]
160 silly gunzTarPerm extractEntry include_dirs.js
161 silly gunzTarPerm modified mode [ 'include_dirs.js', 436, 438 ]
162 silly gunzTarPerm extractEntry nan_callbacks_pre_12_inl.h
163 silly gunzTarPerm modified mode [ 'nan_callbacks_pre_12_inl.h', 436, 438 ]
164 silly gunzTarPerm extractEntry CHANGELOG.md
165 silly gunzTarPerm modified mode [ 'CHANGELOG.md', 436, 438 ]
166 silly gunzTarPerm extractEntry LICENSE.md
167 silly gunzTarPerm modified mode [ 'LICENSE.md', 436, 438 ]
168 silly gunzTarPerm extractEntry Readme.md
169 silly gunzTarPerm modified mode [ 'Readme.md', 420, 438 ]
170 silly gunzTarPerm extractEntry binding.gyp
171 silly gunzTarPerm modified mode [ 'binding.gyp', 493, 511 ]
172 silly gunzTarPerm extractEntry doc/node_misc.md
173 silly gunzTarPerm modified mode [ 'doc/node_misc.md', 436, 438 ]
174 silly gunzTarPerm extractEntry .travis.yml
175 silly gunzTarPerm modified mode [ '.travis.yml', 420, 438 ]
176 silly gunzTarPerm extractEntry doc/asyncworker.md
177 silly gunzTarPerm modified mode [ 'doc/asyncworker.md', 436, 438 ]
178 silly gunzTarPerm extractEntry doc/callback.md
179 silly gunzTarPerm modified mode [ 'doc/callback.md', 436, 438 ]
180 silly gunzTarPerm extractEntry doc/converters.md
181 silly gunzTarPerm modified mode [ 'doc/converters.md', 436, 438 ]
182 silly gunzTarPerm extractEntry doc/errors.md
183 silly gunzTarPerm modified mode [ 'doc/errors.md', 436, 438 ]
184 silly gunzTarPerm extractEntry lib/bindings.js
185 silly gunzTarPerm modified mode [ 'lib/bindings.js', 420, 438 ]
186 silly gunzTarPerm extractEntry lib/canvas.js
187 silly gunzTarPerm modified mode [ 'lib/canvas.js', 420, 438 ]
188 silly gunzTarPerm extractEntry doc/maybe_types.md
189 silly gunzTarPerm modified mode [ 'doc/maybe_types.md', 436, 438 ]
190 silly gunzTarPerm extractEntry doc/methods.md
191 silly gunzTarPerm modified mode [ 'doc/methods.md', 436, 438 ]
192 silly gunzTarPerm extractEntry lib/context2d.js
193 silly gunzTarPerm modified mode [ 'lib/context2d.js', 420, 438 ]
194 silly gunzTarPerm extractEntry lib/image.js
195 silly gunzTarPerm modified mode [ 'lib/image.js', 420, 438 ]
196 silly gunzTarPerm extractEntry lib/jpegstream.js
197 silly gunzTarPerm modified mode [ 'lib/jpegstream.js', 420, 438 ]
198 silly gunzTarPerm extractEntry lib/pngstream.js
199 silly gunzTarPerm modified mode [ 'lib/pngstream.js', 420, 438 ]
200 silly gunzTarPerm extractEntry doc/new.md
201 silly gunzTarPerm modified mode [ 'doc/new.md', 436, 438 ]
202 silly gunzTarPerm extractEntry doc/buffers.md
203 silly gunzTarPerm modified mode [ 'doc/buffers.md', 436, 438 ]
204 silly gunzTarPerm extractEntry doc/object_wrappers.md
205 silly gunzTarPerm modified mode [ 'doc/object_wrappers.md', 436, 438 ]
206 silly gunzTarPerm extractEntry doc/persistent.md
207 silly gunzTarPerm modified mode [ 'doc/persistent.md', 436, 438 ]
208 silly gunzTarPerm extractEntry History.md
209 silly gunzTarPerm modified mode [ 'History.md', 420, 438 ]
210 silly gunzTarPerm extractEntry src/Image.cc
211 silly gunzTarPerm modified mode [ 'src/Image.cc', 420, 438 ]
212 silly gunzTarPerm extractEntry doc/scopes.md
213 silly gunzTarPerm modified mode [ 'doc/scopes.md', 436, 438 ]
214 silly gunzTarPerm extractEntry doc/script.md
215 silly gunzTarPerm modified mode [ 'doc/script.md', 436, 438 ]
216 silly gunzTarPerm extractEntry src/Canvas.cc
217 silly gunzTarPerm modified mode [ 'src/Canvas.cc', 420, 438 ]
218 silly gunzTarPerm extractEntry src/CanvasGradient.cc
219 silly gunzTarPerm modified mode [ 'src/CanvasGradient.cc', 420, 438 ]
220 silly gunzTarPerm extractEntry src/CanvasGradient.h
221 silly gunzTarPerm modified mode [ 'src/CanvasGradient.h', 420, 438 ]
222 silly gunzTarPerm extractEntry src/CanvasPattern.cc
223 silly gunzTarPerm modified mode [ 'src/CanvasPattern.cc', 420, 438 ]
224 silly gunzTarPerm extractEntry doc/string_bytes.md
225 silly gunzTarPerm modified mode [ 'doc/string_bytes.md', 436, 438 ]
226 silly gunzTarPerm extractEntry doc/v8_internals.md
227 silly gunzTarPerm modified mode [ 'doc/v8_internals.md', 436, 438 ]
228 silly gunzTarPerm extractEntry doc/v8_misc.md
229 silly gunzTarPerm modified mode [ 'doc/v8_misc.md', 436, 438 ]
230 silly gunzTarPerm extractEntry src/CanvasPattern.h
231 silly gunzTarPerm modified mode [ 'src/CanvasPattern.h', 420, 438 ]
232 silly gunzTarPerm extractEntry src/CanvasRenderingContext2d.cc
233 silly gunzTarPerm modified mode [ 'src/CanvasRenderingContext2d.cc', 493, 511 ]
234 silly gunzTarPerm extractEntry nan.h
235 silly gunzTarPerm modified mode [ 'nan.h', 436, 438 ]
236 silly gunzTarPerm extractEntry src/CanvasRenderingContext2d.h
237 silly gunzTarPerm modified mode [ 'src/CanvasRenderingContext2d.h', 420, 438 ]
238 silly gunzTarPerm extractEntry src/FontFace.cc
239 silly gunzTarPerm modified mode [ 'src/FontFace.cc', 493, 511 ]
240 silly gunzTarPerm extractEntry nan_callbacks.h
241 silly gunzTarPerm modified mode [ 'nan_callbacks.h', 436, 438 ]
242 silly gunzTarPerm extractEntry nan_callbacks_12_inl.h
243 silly gunzTarPerm modified mode [ 'nan_callbacks_12_inl.h', 436, 438 ]
244 silly gunzTarPerm extractEntry nan_converters.h
245 silly gunzTarPerm modified mode [ 'nan_converters.h', 436, 438 ]
246 silly gunzTarPerm extractEntry nan_converters_43_inl.h
247 silly gunzTarPerm modified mode [ 'nan_converters_43_inl.h', 436, 438 ]
248 silly gunzTarPerm extractEntry nan_converters_pre_43_inl.h
249 silly gunzTarPerm modified mode [ 'nan_converters_pre_43_inl.h', 436, 438 ]
250 silly gunzTarPerm extractEntry src/FontFace.h
251 silly gunzTarPerm modified mode [ 'src/FontFace.h', 420, 438 ]
252 silly gunzTarPerm extractEntry src/Canvas.h
253 silly gunzTarPerm modified mode [ 'src/Canvas.h', 420, 438 ]
254 silly gunzTarPerm extractEntry nan_implementation_12_inl.h
255 silly gunzTarPerm modified mode [ 'nan_implementation_12_inl.h', 436, 438 ]
256 silly gunzTarPerm extractEntry src/Image.h
257 silly gunzTarPerm modified mode [ 'src/Image.h', 420, 438 ]
258 silly gunzTarPerm extractEntry src/ImageData.cc
259 silly gunzTarPerm modified mode [ 'src/ImageData.cc', 420, 438 ]
260 silly gunzTarPerm extractEntry src/ImageData.h
261 silly gunzTarPerm modified mode [ 'src/ImageData.h', 420, 438 ]
262 silly gunzTarPerm extractEntry nan_implementation_pre_12_inl.h
263 silly gunzTarPerm modified mode [ 'nan_implementation_pre_12_inl.h', 436, 438 ]
264 silly gunzTarPerm extractEntry nan_maybe_43_inl.h
265 silly gunzTarPerm modified mode [ 'nan_maybe_43_inl.h', 436, 438 ]
266 silly gunzTarPerm extractEntry nan_maybe_pre_43_inl.h
267 silly gunzTarPerm modified mode [ 'nan_maybe_pre_43_inl.h', 436, 438 ]
268 silly gunzTarPerm extractEntry nan_new.h
269 silly gunzTarPerm modified mode [ 'nan_new.h', 436, 438 ]
270 silly gunzTarPerm extractEntry src/JPEGStream.h
271 silly gunzTarPerm modified mode [ 'src/JPEGStream.h', 420, 438 ]
272 silly gunzTarPerm extractEntry src/PNG.h
273 silly gunzTarPerm modified mode [ 'src/PNG.h', 420, 438 ]
274 silly gunzTarPerm extractEntry src/Point.h
275 silly gunzTarPerm modified mode [ 'src/Point.h', 420, 438 ]
276 silly gunzTarPerm extractEntry src/closure.h
277 silly gunzTarPerm modified mode [ 'src/closure.h', 420, 438 ]
278 silly gunzTarPerm extractEntry nan_object_wrap.h
279 silly gunzTarPerm modified mode [ 'nan_object_wrap.h', 436, 438 ]
280 silly gunzTarPerm extractEntry nan_persistent_12_inl.h
281 silly gunzTarPerm modified mode [ 'nan_persistent_12_inl.h', 436, 438 ]
282 silly gunzTarPerm extractEntry src/color.cc
283 silly gunzTarPerm modified mode [ 'src/color.cc', 420, 438 ]
284 silly gunzTarPerm extractEntry src/color.h
285 silly gunzTarPerm modified mode [ 'src/color.h', 420, 438 ]
286 silly gunzTarPerm extractEntry nan_persistent_pre_12_inl.h
287 silly gunzTarPerm modified mode [ 'nan_persistent_pre_12_inl.h', 436, 438 ]
288 silly gunzTarPerm extractEntry nan_string_bytes.h
289 silly gunzTarPerm modified mode [ 'nan_string_bytes.h', 436, 438 ]
290 silly gunzTarPerm extractEntry src/init.cc
291 silly gunzTarPerm modified mode [ 'src/init.cc', 493, 511 ]
292 silly gunzTarPerm extractEntry util/has_lib.sh
293 silly gunzTarPerm modified mode [ 'util/has_lib.sh', 493, 511 ]
294 silly gunzTarPerm extractEntry nan_typedarray_contents.h
295 silly gunzTarPerm modified mode [ 'nan_typedarray_contents.h', 436, 438 ]
296 silly gunzTarPerm extractEntry nan_weak.h
297 silly gunzTarPerm modified mode [ 'nan_weak.h', 436, 438 ]
298 silly gunzTarPerm extractEntry tools/package.json
299 silly gunzTarPerm modified mode [ 'tools/package.json', 436, 438 ]
300 silly gunzTarPerm extractEntry tools/README.md
301 silly gunzTarPerm modified mode [ 'tools/README.md', 436, 438 ]
302 silly gunzTarPerm extractEntry tools/1to2.js
303 silly gunzTarPerm modified mode [ 'tools/1to2.js', 509, 511 ]
304 silly gentlyRm D:\Projects\ZFPDemo\node_modules\.staging\canvas-59082107\node_modules is being purged
305 verbose gentlyRm don't care about contents; nuking D:\Projects\ZFPDemo\node_modules\.staging\canvas-59082107\node_modules
306 silly gentlyRm D:\Projects\ZFPDemo\node_modules\.staging\nan-e1b52605\node_modules is being purged
307 verbose gentlyRm don't care about contents; nuking D:\Projects\ZFPDemo\node_modules\.staging\nan-e1b52605\node_modules
308 silly doParallel preinstall 2
309 silly preinstall nan@2.4.0 D:\Projects\ZFPDemo\node_modules\.staging\nan-e1b52605
310 info lifecycle nan@2.4.0~preinstall: nan@2.4.0
311 silly preinstall canvas@1.4.0 D:\Projects\ZFPDemo\node_modules\.staging\canvas-59082107
312 info lifecycle canvas@1.4.0~preinstall: canvas@1.4.0
313 silly lifecycle nan@2.4.0~preinstall: no script for preinstall, continuing
314 silly lifecycle canvas@1.4.0~preinstall: no script for preinstall, continuing
315 silly doReverseSerial remove 0
316 silly doSerial move 0
317 silly doSerial finalize 2
318 silly finalize D:\Projects\ZFPDemo\node_modules\nan
319 silly finalize D:\Projects\ZFPDemo\node_modules\canvas
320 silly doSerial build 2
321 silly build nan@2.4.0
322 info linkStuff nan@2.4.0
323 silly linkStuff nan@2.4.0 has D:\Projects\ZFPDemo\node_modules as its parent node_modules
324 verbose linkBins nan@2.4.0
325 verbose linkMans nan@2.4.0
326 silly build canvas@1.4.0
327 info linkStuff canvas@1.4.0
328 silly linkStuff canvas@1.4.0 has D:\Projects\ZFPDemo\node_modules as its parent node_modules
329 verbose linkBins canvas@1.4.0
330 verbose linkMans canvas@1.4.0
331 silly doSerial global-link 0
332 silly doParallel update-linked 0
333 silly doSerial install 2
334 silly install nan@2.4.0 D:\Projects\ZFPDemo\node_modules\.staging\nan-e1b52605
335 info lifecycle nan@2.4.0~install: nan@2.4.0
336 silly lifecycle nan@2.4.0~install: no script for install, continuing
337 silly install canvas@1.4.0 D:\Projects\ZFPDemo\node_modules\.staging\canvas-59082107
338 info lifecycle canvas@1.4.0~install: canvas@1.4.0
339 verbose lifecycle canvas@1.4.0~install: unsafe-perm in lifecycle true
340 verbose lifecycle canvas@1.4.0~install: PATH: C:\Users\ramank\AppData\Roaming\npm\node_modules\npm\bin\node-gyp-bin;D:\Projects\ZFPDemo\node_modules\canvas\node_modules\.bin;D:\Projects\ZFPDemo\node_modules\.bin;C:\Program Files\nodejs;C:\windows\system32;C:\windows;C:\windows\System32\Wbem;C:\windows\System32\WindowsPowerShell\v1.0\;C:\Users\ramank\.dnx\bin;C:\Program Files\Microsoft DNX\Dnvm\;C:\Program Files\Microsoft SQL Server\130\Tools\Binn\;C:\Program Files\nodejs\;C:\Program Files\Git\cmd;D:\phantomjs-2.1.1-windows\bin;C:\Program Files (x86)\Python;C:\Users\ramank\.dnx\bin;C:\Users\ramank\AppData\Roaming\npm;C:\Program Files (x86)\Microsoft VS Code\bin
341 verbose lifecycle canvas@1.4.0~install: CWD: D:\Projects\ZFPDemo\node_modules\canvas
342 silly lifecycle canvas@1.4.0~install: Args: [ '/d /s /c', 'node-gyp rebuild' ]
343 silly lifecycle canvas@1.4.0~install: Returned: code: 1  signal: null
344 info lifecycle canvas@1.4.0~install: Failed to exec install script
345 verbose unlock done using C:\Users\ramank\AppData\Roaming\npm-cache\_locks\staging-17e6fe1006862131.lock for D:\Projects\ZFPDemo\node_modules\.staging
346 silly rollbackFailedOptional Starting
347 silly rollbackFailedOptional Finishing
348 silly runTopLevelLifecycles Starting
349 silly runTopLevelLifecycles Finishing
350 silly install printInstalled
351 warn zfpdemo@1.0.0 No repository field.
352 verbose stack Error: canvas@1.4.0 install: `node-gyp rebuild`
352 verbose stack Exit status 1
352 verbose stack     at EventEmitter.<anonymous> (C:\Users\ramank\AppData\Roaming\npm\node_modules\npm\lib\utils\lifecycle.js:242:16)
352 verbose stack     at emitTwo (events.js:87:13)
352 verbose stack     at EventEmitter.emit (events.js:172:7)
352 verbose stack     at ChildProcess.<anonymous> (C:\Users\ramank\AppData\Roaming\npm\node_modules\npm\lib\utils\spawn.js:40:14)
352 verbose stack     at emitTwo (events.js:87:13)
352 verbose stack     at ChildProcess.emit (events.js:172:7)
352 verbose stack     at maybeClose (internal/child_process.js:827:16)
352 verbose stack     at Process.ChildProcess._handle.onexit (internal/child_process.js:211:5)
353 verbose pkgid canvas@1.4.0
354 verbose cwd D:\Projects\ZFPDemo
355 error Windows_NT 6.1.7601
356 error argv "C:\\Program Files\\nodejs\\node.exe" "C:\\Users\\ramank\\AppData\\Roaming\\npm\\node_modules\\npm\\bin\\npm-cli.js" "install" "canvas"
357 error node v4.4.7
358 error npm  v3.10.5
359 error code ELIFECYCLE
360 error canvas@1.4.0 install: `node-gyp rebuild`
360 error Exit status 1
361 error Failed at the canvas@1.4.0 install script 'node-gyp rebuild'.
361 error Make sure you have the latest version of node.js and npm installed.
361 error If you do, this is most likely a problem with the canvas package,
361 error not with npm itself.
361 error Tell the author that this fails on your system:
361 error     node-gyp rebuild
361 error You can get information on how to open an issue for this project with:
361 error     npm bugs canvas
361 error Or if that isn't available, you can get their info via:
361 error     npm owner ls canvas
361 error There is likely additional logging output above.
362 verbose exit [ 1, true ]
